13:13:59[1706102039.5330236] - Experiment selected: Experiment 1
13:13:59[1706102039.92661] - Jump to event: 0
13:15:10[1706102110.4289157] - Connected to device: /dev/ttyACM0
13:15:30[1706102130.8088064] - User: 1234

13:15:53[1706102153.6735582] - Experiment selected: Experiment 2
13:15:53[1706102153.7038727] - Jump to event: 0
13:15:53[1706102153.7041512] - Jump to event: 0
13:15:56[1706102156.355368] - Experiment selected: Experiment 3
13:15:56[1706102156.3766766] - Jump to event: 0
13:15:56[1706102156.3768215] - Jump to event: 0
13:15:58[1706102158.2134032] - Experiment selected: Experiment Custom
13:15:58[1706102158.4119396] - Jump to event: 0
13:15:58[1706102158.4124749] - Jump to event: 0
13:16:09[1706102169.8113256] - Custom experiment: /home/aightech/dev/prj/bsense/code/expCustom_rule.json
13:16:09[1706102169.819131] - Jump to event: 0
13:16:09[1706102169.8195815] - Jump to event: 0
13:16:20[1706102181.0037386] - Start experiment
13:16:21[1706102181.1155953] - delay: 5.0
13:16:22[1706102182.451633] - delay: 5.0
13:16:23[1706102183.7863445] - delay: 5.0
13:16:25[1706102185.120118] - delay: 5.0
13:16:26[1706102186.4331152] - delay: 5.0
13:16:27[1706102187.7699494] - delay: 5.0
13:16:29[1706102189.0951283] - delay: 5.0
13:16:30[1706102190.4397914] - delay: 5.0
13:16:31[1706102191.7469788] - delay: 5.0
13:16:33[1706102193.0813544] - delay: 5.0
13:16:34[1706102194.3900511] - delay: 5.0
13:16:35[1706102195.698459] - delay: 5.0
13:16:37[1706102197.034283] - delay: 5.0
13:16:38[1706102198.3495545] - delay: 5.0
13:16:39[1706102199.6844819] - delay: 5.0
13:16:40[1706102200.9684103] - delay: 5.0
13:16:42[1706102202.2545831] - delay: 5.0
13:16:43[1706102203.5609658] - delay: 5.0
13:16:44[1706102204.849703] - delay: 5.0
13:16:46[1706102206.159492] - delay: 5.0
13:16:47[1706102207.4109383] - End of experiment
13:17:01[1706102221.6763418] - Stop experiment
13:17:01[1706102221.6869435] - Jump to event: 0
13:17:04[1706102224.832689] - Experiment selected: Experiment 1
13:17:04[1706102224.9273984] - Jump to event: 0
13:17:04[1706102224.9281483] - Jump to event: 0
13:17:06[1706102226.7402153] - Start experiment
13:17:06[1706102226.8172204] - delay: 11.058575485772163
13:17:09[1706102229.6130636] - delay: 9.108936907109305
13:17:11[1706102231.9056263] - delay: 10.472435401792966
13:17:14[1706102234.5472696] - delay: 9.59978528625768
13:17:16[1706102236.9695475] - delay: 9.817236288756057
13:17:19[1706102239.4461036] - delay: 10.533861526317175
13:17:20[1706102240.8194993] - Pause experiment
13:17:24[1706102244.3215678] - Comment: jkwda
13:17:26[1706102246.1242054] - Start experiment
13:17:26[1706102246.1428237] - delay: 10.533861526317175
13:17:28[1706102248.1112819] - Pause experiment
13:17:28[1706102248.764858] - Stop experiment
13:17:28[1706102248.7769747] - Jump to event: 0
13:17:33[1706102253.9193609] - Start experiment
13:17:33[1706102253.961445] - delay: 11.058575485772163
13:17:36[1706102256.7657964] - delay: 9.108936907109305
13:17:39[1706102259.0704114] - delay: 10.472435401792966
13:17:41[1706102261.7105627] - delay: 9.59978528625768
13:17:44[1706102264.1483963] - delay: 9.817236288756057
13:17:46[1706102266.640114] - delay: 10.533861526317175
13:17:49[1706102269.3099241] - delay: 10.667725067242088
13:17:51[1706102271.9968328] - delay: 10.395576847094084
13:17:54[1706102274.6228507] - delay: 10.466536063668904
13:17:56[1706102276.8953311] - Stop experiment
13:17:56[1706102276.9073033] - Jump to event: 0
