14:11:06[1706105466.564357] - Experiment selected: Experiment 1
14:11:06[1706105466.9584322] - Jump to event: 0
14:11:21[1706105481.530518] - Connected to device: /dev/ttyACM0
14:11:25[1706105485.0944278] - User: t

14:11:32[1706105492.6724656] - Experiment selected: Experiment Custom
14:11:32[1706105492.9232705] - Jump to event: 0
14:11:32[1706105492.92382] - Jump to event: 0
14:11:45[1706105505.523582] - Custom experiment: /home/aightech/dev/prj/bsense/code/exp4_rule.json
14:11:45[1706105505.5281045] - Jump to event: 0
14:11:45[1706105505.5284119] - Jump to event: 0
14:11:53[1706105513.698953] - Custom experiment: /home/aightech/dev/prj/bsense/code/exp4_rule.json
14:11:53[1706105513.7033744] - Jump to event: 0
14:11:53[1706105513.70367] - Jump to event: 0
14:12:10[1706105530.835863] - Custom experiment: /home/aightech/dev/prj/bsense/code/exp4_rule.json
14:12:10[1706105530.8591163] - Jump to event: 0
14:12:10[1706105530.8596241] - Jump to event: 0
14:12:41[1706105561.0585172] - Custom experiment: /home/aightech/dev/prj/bsense/code/exp4_rule.json
14:12:41[1706105561.0629454] - Jump to event: 0
14:12:41[1706105561.06344] - Jump to event: 0
14:13:28[1706105608.6033697] - Custom experiment: /home/aightech/dev/prj/bsense/code/exp4_rule.json
14:13:28[1706105608.6089854] - Jump to event: 0
14:13:28[1706105608.609683] - Jump to event: 0
