13:19:54[1706102394.0558221] - Experiment selected: Experiment 1
13:19:54[1706102394.4619937] - Jump to event: 0
13:20:05[1706102405.9352884] - Connected to device: /dev/ttyACM0
13:20:09[1706102409.0605545] - User: tt

13:20:12[1706102412.3907015] - Start experiment
13:20:12[1706102412.4344778] - delay: 10.652310844838677
13:20:15[1706102415.1132302] - delay: 10.480271035492713
13:20:17[1706102417.7542646] - delay: 10.131120440085983
13:20:20[1706102420.3078787] - delay: 11.638503065197526
13:20:23[1706102423.2409925] - delay: 8.992834334070121
13:20:25[1706102425.5116675] - delay: 8.6316796280683
13:20:27[1706102427.6950824] - delay: 9.789419507461355
13:20:30[1706102430.1688557] - delay: 10.664763362829945
13:20:32[1706102432.8586745] - delay: 10.846827144556158
13:20:35[1706102435.4208288] - Stop experiment
13:20:35[1706102435.431708] - Jump to event: 0
13:20:36[1706102436.054249] - Start experiment
13:20:36[1706102436.1366715] - delay: 10.652310844838677
13:20:38[1706102438.8288832] - delay: 10.480271035492713
13:20:41[1706102441.4698124] - delay: 10.131120440085983
13:20:44[1706102444.026621] - delay: 11.638503065197526
13:20:46[1706102446.9686384] - delay: 8.992834334070121
13:20:49[1706102449.2415755] - delay: 8.6316796280683
13:20:51[1706102451.4234006] - delay: 9.789419507461355
13:20:53[1706102453.8955936] - delay: 10.664763362829945
13:20:56[1706102456.5878108] - delay: 10.846827144556158
13:20:57[1706102457.063048] - Stop experiment
13:20:57[1706102457.0734696] - Jump to event: 0
13:20:57[1706102457.652582] - Start experiment
13:20:57[1706102457.69332] - delay: 10.652310844838677
13:21:00[1706102460.3809187] - delay: 10.480271035492713
13:21:03[1706102463.0249898] - delay: 10.131120440085983
13:21:05[1706102465.5853343] - delay: 11.638503065197526
13:21:08[1706102468.5194714] - delay: 8.992834334070121
13:21:10[1706102470.7794187] - delay: 8.6316796280683
13:21:12[1706102472.956624] - delay: 9.789419507461355
13:21:15[1706102475.4173145] - delay: 10.664763362829945
13:21:18[1706102478.098061] - delay: 10.846827144556158
13:21:20[1706102480.8306577] - delay: 11.065317256378304
13:21:23[1706102483.5979824] - End of experiment
13:21:33[1706102493.507986] - Stop experiment
13:21:33[1706102493.5190332] - Jump to event: 0
13:21:43[1706102503.8394082] - Start experiment
13:21:43[1706102503.9132102] - delay: 10.652310844838677
13:21:46[1706102506.6020846] - delay: 10.480271035492713
13:21:49[1706102509.2470403] - delay: 10.131120440085983
13:21:51[1706102511.8051085] - delay: 11.638503065197526
13:21:54[1706102514.738764] - delay: 8.992834334070121
13:21:57[1706102517.010508] - delay: 8.6316796280683
13:21:59[1706102519.1926625] - delay: 9.789419507461355
13:22:01[1706102521.6642795] - delay: 10.664763362829945
13:22:04[1706102524.3552127] - delay: 10.846827144556158
13:22:07[1706102527.0862465] - delay: 11.065317256378304
13:22:09[1706102529.8535185] - End of experiment
13:22:32[1706102552.337061] - Stop experiment
13:22:32[1706102552.3484826] - Jump to event: 0
13:22:33[1706102553.1075444] - Start experiment
13:22:33[1706102553.1670887] - delay: 10.652310844838677
13:22:35[1706102555.853168] - delay: 10.480271035492713
13:22:38[1706102558.4874074] - delay: 10.131120440085983
13:22:41[1706102561.0365458] - delay: 11.638503065197526
13:22:43[1706102563.9591951] - delay: 8.992834334070121
13:22:46[1706102566.2367432] - delay: 8.6316796280683
13:22:48[1706102568.417789] - delay: 9.789419507461355
13:22:50[1706102570.8834786] - delay: 10.664763362829945
13:22:53[1706102573.560409] - delay: 10.846827144556158
13:22:56[1706102576.2999568] - delay: 11.065317256378304
13:22:59[1706102579.0678155] - End of experiment
13:23:00[1706102580.8193433] - Stop experiment
13:23:00[1706102580.8309903] - Jump to event: 0
13:23:02[1706102582.1295733] - Start experiment
13:23:02[1706102582.1902068] - delay: 10.652310844838677
13:23:04[1706102584.8814876] - delay: 10.480271035492713
13:23:07[1706102587.524833] - delay: 10.131120440085983
13:23:10[1706102590.0701528] - delay: 11.638503065197526
13:23:13[1706102593.010912] - delay: 8.992834334070121
13:23:15[1706102595.283676] - delay: 8.6316796280683
13:23:17[1706102597.465552] - delay: 9.789419507461355
13:23:19[1706102599.925833] - delay: 10.664763362829945
13:23:22[1706102602.6188045] - delay: 10.846827144556158
13:23:25[1706102605.3551133] - delay: 11.065317256378304
13:23:28[1706102608.1231856] - End of experiment
13:24:42[1706102682.3599992] - Stop experiment
13:24:42[1706102682.3710659] - Jump to event: 0
13:24:43[1706102683.1840265] - Start experiment
13:24:43[1706102683.2452922] - delay: 10.652310844838677
13:24:45[1706102685.9325712] - delay: 10.480271035492713
13:24:48[1706102688.5774121] - delay: 10.131120440085983
13:24:51[1706102691.1342049] - delay: 11.638503065197526
13:24:54[1706102694.0671518] - delay: 8.992834334070121
13:24:56[1706102696.3323698] - delay: 8.6316796280683
13:24:58[1706102698.5139346] - delay: 9.789419507461355
13:25:00[1706102700.9864936] - delay: 10.664763362829945
13:25:03[1706102703.673162] - delay: 10.846827144556158
13:25:06[1706102706.4096477] - delay: 11.065317256378304
13:25:09[1706102709.17805] - End of experiment
